<?xml version="1.0" encoding="UTF-8"?>
<!-- Generated by org.testng.reporters.JUnitReportReporter -->
<testsuite skipped="0" hostname="DESKTOP-A3NO6EJ" name="Login.Login2" tests="1" failures="0" timestamp="2021-10-24T01:30:22 ICT" time="6.958" errors="0">
  <testcase name="testLogin" time="6.958" classname="Login.Login2"/>
  <system-out/>
</testsuite> <!-- Login.Login2 -->
