<?xml version="1.0" encoding="UTF-8"?>
<!-- Generated by org.testng.reporters.JUnitReportReporter -->
<testsuite skipped="0" hostname="DESKTOP-A3NO6EJ" name="Search.Search" tests="1" failures="0" timestamp="2021-10-19T13:45:51 ICT" time="7.965" errors="0">
  <testcase name="search" time="7.965" classname="Search.Search"/>
  <system-out/>
</testsuite> <!-- Search.Search -->
