<?xml version="1.0" encoding="UTF-8"?>
<!-- Generated by org.testng.reporters.JUnitReportReporter -->
<testsuite skipped="0" hostname="DESKTOP-A3NO6EJ" name="Search.Search_By_InvoiceNumber" tests="1" failures="0" timestamp="2021-10-19T00:14:07 ICT" time="8.079" errors="0">
  <testcase name="searchByInvoiceNumber" time="8.079" classname="Search.Search_By_InvoiceNumber"/>
  <system-out/>
</testsuite> <!-- Search.Search_By_InvoiceNumber -->
